<?xml version="1.0" encoding="UTF-8"?>
<coverage generated="1702030229705" clover="3.2.0">
    <project timestamp="1702030229705" name="All files">
        <metrics statements="1002" coveredstatements="211" conditionals="13"
                 coveredconditionals="1" methods="34" coveredmethods="1"
                 elements="1049" coveredelements="213" complexity="0" loc="1002"
                 ncloc="1002" packages="9" files="29" classes="29"/>
        <package name="src">
            <metrics statements="6" coveredstatements="0" conditionals="1"
                     coveredconditionals="0" methods="1" coveredmethods="0"/>
            <file name="main.tsx"
                  path="/Users/artyomguryanov/Documents/GitHub/ownReactActual2/src/main.tsx">
                <metrics statements="6" coveredstatements="0" conditionals="1"
                         coveredconditionals="0" methods="1"
                         coveredmethods="0"/>
                <line num="1" count="0" type="cond" truecount="0"
                      falsecount="1"/>
                <line num="2" count="0" type="stmt"/>
                <line num="3" count="0" type="stmt"/>
                <line num="4" count="0" type="stmt"/>
                <line num="5" count="0" type="stmt"/>
                <line num="6" count="0" type="stmt"/>
            </file>
        </package>
        <package name="src.app">
            <metrics statements="245" coveredstatements="0" conditionals="5"
                     coveredconditionals="0" methods="5" coveredmethods="0"/>
            <file name="App.tsx"
                  path="/Users/artyomguryanov/Documents/GitHub/ownReactActual2/src/app/App.tsx">
                <metrics statements="8" coveredstatements="0" conditionals="1"
                         coveredconditionals="0" methods="1"
                         coveredmethods="0"/>
                <line num="1" count="0" type="cond" truecount="0"
                      falsecount="1"/>
                <line num="2" count="0" type="stmt"/>
                <line num="3" count="0" type="stmt"/>
                <line num="4" count="0" type="stmt"/>
                <line num="5" count="0" type="stmt"/>
                <line num="6" count="0" type="stmt"/>
                <line num="7" count="0" type="stmt"/>
                <line num="8" count="0" type="stmt"/>
            </file>
            <file name="List.tsx"
                  path="/Users/artyomguryanov/Documents/GitHub/ownReactActual2/src/app/List.tsx">
                <metrics statements="12" coveredstatements="0" conditionals="1"
                         coveredconditionals="0" methods="1"
                         coveredmethods="0"/>
                <line num="1" count="0" type="cond" truecount="0"
                      falsecount="1"/>
                <line num="2" count="0" type="stmt"/>
                <line num="3" count="0" type="stmt"/>
                <line num="4" count="0" type="stmt"/>
                <line num="5" count="0" type="stmt"/>
                <line num="6" count="0" type="stmt"/>
                <line num="7" count="0" type="stmt"/>
                <line num="8" count="0" type="stmt"/>
                <line num="9" count="0" type="stmt"/>
                <line num="10" count="0" type="stmt"/>
                <line num="11" count="0" type="stmt"/>
                <line num="12" count="0" type="stmt"/>
            </file>
            <file name="ListItem.tsx"
                  path="/Users/artyomguryanov/Documents/GitHub/ownReactActual2/src/app/ListItem.tsx">
                <metrics statements="12" coveredstatements="0" conditionals="1"
                         coveredconditionals="0" methods="1"
                         coveredmethods="0"/>
                <line num="1" count="0" type="cond" truecount="0"
                      falsecount="1"/>
                <line num="2" count="0" type="stmt"/>
                <line num="3" count="0" type="stmt"/>
                <line num="4" count="0" type="stmt"/>
                <line num="5" count="0" type="stmt"/>
                <line num="6" count="0" type="stmt"/>
                <line num="7" count="0" type="stmt"/>
                <line num="8" count="0" type="stmt"/>
                <line num="9" count="0" type="stmt"/>
                <line num="10" count="0" type="stmt"/>
                <line num="11" count="0" type="stmt"/>
                <line num="12" count="0" type="stmt"/>
            </file>
            <file name="ListManualUpdate.tsx"
                  path="/Users/artyomguryanov/Documents/GitHub/ownReactActual2/src/app/ListManualUpdate.tsx">
                <metrics statements="118" coveredstatements="0" conditionals="1"
                         coveredconditionals="0" methods="1"
                         coveredmethods="0"/>
                <line num="1" count="0" type="cond" truecount="0"
                      falsecount="1"/>
                <line num="2" count="0" type="stmt"/>
                <line num="3" count="0" type="stmt"/>
                <line num="4" count="0" type="stmt"/>
                <line num="5" count="0" type="stmt"/>
                <line num="6" count="0" type="stmt"/>
                <line num="7" count="0" type="stmt"/>
                <line num="8" count="0" type="stmt"/>
                <line num="9" count="0" type="stmt"/>
                <line num="10" count="0" type="stmt"/>
                <line num="11" count="0" type="stmt"/>
                <line num="12" count="0" type="stmt"/>
                <line num="13" count="0" type="stmt"/>
                <line num="14" count="0" type="stmt"/>
                <line num="15" count="0" type="stmt"/>
                <line num="16" count="0" type="stmt"/>
                <line num="17" count="0" type="stmt"/>
                <line num="18" count="0" type="stmt"/>
                <line num="19" count="0" type="stmt"/>
                <line num="20" count="0" type="stmt"/>
                <line num="21" count="0" type="stmt"/>
                <line num="22" count="0" type="stmt"/>
                <line num="23" count="0" type="stmt"/>
                <line num="24" count="0" type="stmt"/>
                <line num="25" count="0" type="stmt"/>
                <line num="26" count="0" type="stmt"/>
                <line num="27" count="0" type="stmt"/>
                <line num="28" count="0" type="stmt"/>
                <line num="29" count="0" type="stmt"/>
                <line num="30" count="0" type="stmt"/>
                <line num="31" count="0" type="stmt"/>
                <line num="32" count="0" type="stmt"/>
                <line num="33" count="0" type="stmt"/>
                <line num="34" count="0" type="stmt"/>
                <line num="35" count="0" type="stmt"/>
                <line num="36" count="0" type="stmt"/>
                <line num="37" count="0" type="stmt"/>
                <line num="38" count="0" type="stmt"/>
                <line num="39" count="0" type="stmt"/>
                <line num="40" count="0" type="stmt"/>
                <line num="41" count="0" type="stmt"/>
                <line num="42" count="0" type="stmt"/>
                <line num="43" count="0" type="stmt"/>
                <line num="44" count="0" type="stmt"/>
                <line num="45" count="0" type="stmt"/>
                <line num="46" count="0" type="stmt"/>
                <line num="47" count="0" type="stmt"/>
                <line num="48" count="0" type="stmt"/>
                <line num="49" count="0" type="stmt"/>
                <line num="50" count="0" type="stmt"/>
                <line num="51" count="0" type="stmt"/>
                <line num="52" count="0" type="stmt"/>
                <line num="53" count="0" type="stmt"/>
                <line num="54" count="0" type="stmt"/>
                <line num="55" count="0" type="stmt"/>
                <line num="56" count="0" type="stmt"/>
                <line num="57" count="0" type="stmt"/>
                <line num="58" count="0" type="stmt"/>
                <line num="59" count="0" type="stmt"/>
                <line num="60" count="0" type="stmt"/>
                <line num="61" count="0" type="stmt"/>
                <line num="62" count="0" type="stmt"/>
                <line num="63" count="0" type="stmt"/>
                <line num="64" count="0" type="stmt"/>
                <line num="65" count="0" type="stmt"/>
                <line num="66" count="0" type="stmt"/>
                <line num="67" count="0" type="stmt"/>
                <line num="68" count="0" type="stmt"/>
                <line num="69" count="0" type="stmt"/>
                <line num="70" count="0" type="stmt"/>
                <line num="71" count="0" type="stmt"/>
                <line num="72" count="0" type="stmt"/>
                <line num="73" count="0" type="stmt"/>
                <line num="74" count="0" type="stmt"/>
                <line num="75" count="0" type="stmt"/>
                <line num="76" count="0" type="stmt"/>
                <line num="77" count="0" type="stmt"/>
                <line num="78" count="0" type="stmt"/>
                <line num="79" count="0" type="stmt"/>
                <line num="80" count="0" type="stmt"/>
                <line num="81" count="0" type="stmt"/>
                <line num="82" count="0" type="stmt"/>
                <line num="83" count="0" type="stmt"/>
                <line num="84" count="0" type="stmt"/>
                <line num="85" count="0" type="stmt"/>
                <line num="86" count="0" type="stmt"/>
                <line num="87" count="0" type="stmt"/>
                <line num="88" count="0" type="stmt"/>
                <line num="89" count="0" type="stmt"/>
                <line num="90" count="0" type="stmt"/>
                <line num="91" count="0" type="stmt"/>
                <line num="92" count="0" type="stmt"/>
                <line num="93" count="0" type="stmt"/>
                <line num="94" count="0" type="stmt"/>
                <line num="95" count="0" type="stmt"/>
                <line num="96" count="0" type="stmt"/>
                <line num="97" count="0" type="stmt"/>
                <line num="98" count="0" type="stmt"/>
                <line num="99" count="0" type="stmt"/>
                <line num="100" count="0" type="stmt"/>
                <line num="101" count="0" type="stmt"/>
                <line num="102" count="0" type="stmt"/>
                <line num="103" count="0" type="stmt"/>
                <line num="104" count="0" type="stmt"/>
                <line num="105" count="0" type="stmt"/>
                <line num="106" count="0" type="stmt"/>
                <line num="107" count="0" type="stmt"/>
                <line num="108" count="0" type="stmt"/>
                <line num="109" count="0" type="stmt"/>
                <line num="110" count="0" type="stmt"/>
                <line num="111" count="0" type="stmt"/>
                <line num="112" count="0" type="stmt"/>
                <line num="113" count="0" type="stmt"/>
                <line num="114" count="0" type="stmt"/>
                <line num="115" count="0" type="stmt"/>
                <line num="116" count="0" type="stmt"/>
                <line num="117" count="0" type="stmt"/>
                <line num="118" count="0" type="stmt"/>
            </file>
            <file name="ListTimerUpdate.tsx"
                  path="/Users/artyomguryanov/Documents/GitHub/ownReactActual2/src/app/ListTimerUpdate.tsx">
                <metrics statements="95" coveredstatements="0" conditionals="1"
                         coveredconditionals="0" methods="1"
                         coveredmethods="0"/>
                <line num="1" count="0" type="cond" truecount="0"
                      falsecount="1"/>
                <line num="2" count="0" type="stmt"/>
                <line num="3" count="0" type="stmt"/>
                <line num="4" count="0" type="stmt"/>
                <line num="5" count="0" type="stmt"/>
                <line num="6" count="0" type="stmt"/>
                <line num="7" count="0" type="stmt"/>
                <line num="8" count="0" type="stmt"/>
                <line num="9" count="0" type="stmt"/>
                <line num="10" count="0" type="stmt"/>
                <line num="11" count="0" type="stmt"/>
                <line num="12" count="0" type="stmt"/>
                <line num="13" count="0" type="stmt"/>
                <line num="14" count="0" type="stmt"/>
                <line num="15" count="0" type="stmt"/>
                <line num="16" count="0" type="stmt"/>
                <line num="17" count="0" type="stmt"/>
                <line num="18" count="0" type="stmt"/>
                <line num="19" count="0" type="stmt"/>
                <line num="20" count="0" type="stmt"/>
                <line num="21" count="0" type="stmt"/>
                <line num="22" count="0" type="stmt"/>
                <line num="23" count="0" type="stmt"/>
                <line num="24" count="0" type="stmt"/>
                <line num="25" count="0" type="stmt"/>
                <line num="26" count="0" type="stmt"/>
                <line num="27" count="0" type="stmt"/>
                <line num="28" count="0" type="stmt"/>
                <line num="29" count="0" type="stmt"/>
                <line num="30" count="0" type="stmt"/>
                <line num="31" count="0" type="stmt"/>
                <line num="32" count="0" type="stmt"/>
                <line num="33" count="0" type="stmt"/>
                <line num="34" count="0" type="stmt"/>
                <line num="35" count="0" type="stmt"/>
                <line num="36" count="0" type="stmt"/>
                <line num="37" count="0" type="stmt"/>
                <line num="38" count="0" type="stmt"/>
                <line num="39" count="0" type="stmt"/>
                <line num="40" count="0" type="stmt"/>
                <line num="41" count="0" type="stmt"/>
                <line num="42" count="0" type="stmt"/>
                <line num="43" count="0" type="stmt"/>
                <line num="44" count="0" type="stmt"/>
                <line num="45" count="0" type="stmt"/>
                <line num="46" count="0" type="stmt"/>
                <line num="47" count="0" type="stmt"/>
                <line num="48" count="0" type="stmt"/>
                <line num="49" count="0" type="stmt"/>
                <line num="50" count="0" type="stmt"/>
                <line num="51" count="0" type="stmt"/>
                <line num="52" count="0" type="stmt"/>
                <line num="53" count="0" type="stmt"/>
                <line num="54" count="0" type="stmt"/>
                <line num="55" count="0" type="stmt"/>
                <line num="56" count="0" type="stmt"/>
                <line num="57" count="0" type="stmt"/>
                <line num="58" count="0" type="stmt"/>
                <line num="59" count="0" type="stmt"/>
                <line num="60" count="0" type="stmt"/>
                <line num="61" count="0" type="stmt"/>
                <line num="62" count="0" type="stmt"/>
                <line num="63" count="0" type="stmt"/>
                <line num="64" count="0" type="stmt"/>
                <line num="65" count="0" type="stmt"/>
                <line num="66" count="0" type="stmt"/>
                <line num="67" count="0" type="stmt"/>
                <line num="68" count="0" type="stmt"/>
                <line num="69" count="0" type="stmt"/>
                <line num="70" count="0" type="stmt"/>
                <line num="71" count="0" type="stmt"/>
                <line num="72" count="0" type="stmt"/>
                <line num="73" count="0" type="stmt"/>
                <line num="74" count="0" type="stmt"/>
                <line num="75" count="0" type="stmt"/>
                <line num="76" count="0" type="stmt"/>
                <line num="77" count="0" type="stmt"/>
                <line num="78" count="0" type="stmt"/>
                <line num="79" count="0" type="stmt"/>
                <line num="80" count="0" type="stmt"/>
                <line num="81" count="0" type="stmt"/>
                <line num="82" count="0" type="stmt"/>
                <line num="83" count="0" type="stmt"/>
                <line num="84" count="0" type="stmt"/>
                <line num="85" count="0" type="stmt"/>
                <line num="86" count="0" type="stmt"/>
                <line num="87" count="0" type="stmt"/>
                <line num="88" count="0" type="stmt"/>
                <line num="89" count="0" type="stmt"/>
                <line num="90" count="0" type="stmt"/>
                <line num="91" count="0" type="stmt"/>
                <line num="92" count="0" type="stmt"/>
                <line num="93" count="0" type="stmt"/>
                <line num="94" count="0" type="stmt"/>
                <line num="95" count="0" type="stmt"/>
            </file>
        </package>
        <package name="src.ownReact">
            <metrics statements="72" coveredstatements="30" conditionals="2"
                     coveredconditionals="1" methods="3" coveredmethods="1"/>
            <file name="OwnReactComponent.ts"
                  path="/Users/artyomguryanov/Documents/GitHub/ownReactActual2/src/ownReact/OwnReactComponent.ts">
                <metrics statements="47" coveredstatements="9" conditionals="1"
                         coveredconditionals="0" methods="1"
                         coveredmethods="0"/>
                <line num="1" count="1" type="stmt"/>
                <line num="2" count="1" type="stmt"/>
                <line num="3" count="1" type="stmt"/>
                <line num="4" count="1" type="stmt"/>
                <line num="5" count="1" type="stmt"/>
                <line num="6" count="1" type="stmt"/>
                <line num="7" count="1" type="stmt"/>
                <line num="8" count="1" type="stmt"/>
                <line num="9" count="1" type="cond" truecount="0"
                      falsecount="1"/>
                <line num="10" count="0" type="stmt"/>
                <line num="11" count="0" type="stmt"/>
                <line num="12" count="0" type="stmt"/>
                <line num="13" count="0" type="stmt"/>
                <line num="14" count="0" type="stmt"/>
                <line num="15" count="0" type="stmt"/>
                <line num="16" count="0" type="stmt"/>
                <line num="17" count="0" type="stmt"/>
                <line num="18" count="0" type="stmt"/>
                <line num="19" count="0" type="stmt"/>
                <line num="20" count="0" type="stmt"/>
                <line num="21" count="0" type="stmt"/>
                <line num="22" count="0" type="stmt"/>
                <line num="23" count="0" type="stmt"/>
                <line num="24" count="0" type="stmt"/>
                <line num="25" count="0" type="stmt"/>
                <line num="26" count="0" type="stmt"/>
                <line num="27" count="0" type="stmt"/>
                <line num="28" count="0" type="stmt"/>
                <line num="29" count="0" type="stmt"/>
                <line num="30" count="0" type="stmt"/>
                <line num="31" count="0" type="stmt"/>
                <line num="32" count="0" type="stmt"/>
                <line num="33" count="0" type="stmt"/>
                <line num="34" count="0" type="stmt"/>
                <line num="35" count="0" type="stmt"/>
                <line num="36" count="0" type="stmt"/>
                <line num="37" count="0" type="stmt"/>
                <line num="38" count="0" type="stmt"/>
                <line num="39" count="0" type="stmt"/>
                <line num="40" count="0" type="stmt"/>
                <line num="41" count="0" type="stmt"/>
                <line num="42" count="0" type="stmt"/>
                <line num="43" count="0" type="stmt"/>
                <line num="44" count="0" type="stmt"/>
                <line num="45" count="0" type="stmt"/>
                <line num="46" count="0" type="stmt"/>
                <line num="47" count="0" type="stmt"/>
            </file>
            <file name="renderDom.ts"
                  path="/Users/artyomguryanov/Documents/GitHub/ownReactActual2/src/ownReact/renderDom.ts">
                <metrics statements="10" coveredstatements="10" conditionals="1"
                         coveredconditionals="1" methods="1"
                         coveredmethods="1"/>
                <line num="1" count="1" type="stmt"/>
                <line num="2" count="1" type="stmt"/>
                <line num="3" count="1" type="stmt"/>
                <line num="4" count="1" type="cond" truecount="1"
                      falsecount="0"/>
                <line num="5" count="1" type="stmt"/>
                <line num="6" count="1" type="stmt"/>
                <line num="7" count="1" type="stmt"/>
                <line num="8" count="1" type="stmt"/>
                <line num="9" count="1" type="stmt"/>
                <line num="10" count="1" type="stmt"/>
            </file>
            <file name="updateComponent.ts"
                  path="/Users/artyomguryanov/Documents/GitHub/ownReactActual2/src/ownReact/updateComponent.ts">
                <metrics statements="15" coveredstatements="11" conditionals="0"
                         coveredconditionals="0" methods="1"
                         coveredmethods="0"/>
                <line num="1" count="1" type="stmt"/>
                <line num="2" count="1" type="stmt"/>
                <line num="3" count="1" type="stmt"/>
                <line num="4" count="1" type="stmt"/>
                <line num="5" count="0" type="stmt"/>
                <line num="6" count="0" type="stmt"/>
                <line num="7" count="0" type="stmt"/>
                <line num="8" count="0" type="stmt"/>
                <line num="9" count="1" type="stmt"/>
                <line num="10" count="1" type="stmt"/>
                <line num="11" count="1" type="stmt"/>
                <line num="12" count="1" type="stmt"/>
                <line num="13" count="1" type="stmt"/>
                <line num="14" count="1" type="stmt"/>
                <line num="15" count="1" type="stmt"/>
            </file>
        </package>
        <package name="src.ownReact.jsx.jsx-dev-runtime">
            <metrics statements="33" coveredstatements="0" conditionals="1"
                     coveredconditionals="0" methods="1" coveredmethods="0"/>
            <file name="index.ts"
                  path="/Users/artyomguryanov/Documents/GitHub/ownReactActual2/src/ownReact/jsx/jsx-dev-runtime/index.ts">
                <metrics statements="33" coveredstatements="0" conditionals="1"
                         coveredconditionals="0" methods="1"
                         coveredmethods="0"/>
                <line num="1" count="0" type="cond" truecount="0"
                      falsecount="1"/>
                <line num="2" count="0" type="stmt"/>
                <line num="3" count="0" type="stmt"/>
                <line num="4" count="0" type="stmt"/>
                <line num="5" count="0" type="stmt"/>
                <line num="6" count="0" type="stmt"/>
                <line num="7" count="0" type="stmt"/>
                <line num="8" count="0" type="stmt"/>
                <line num="9" count="0" type="stmt"/>
                <line num="10" count="0" type="stmt"/>
                <line num="11" count="0" type="stmt"/>
                <line num="12" count="0" type="stmt"/>
                <line num="13" count="0" type="stmt"/>
                <line num="14" count="0" type="stmt"/>
                <line num="15" count="0" type="stmt"/>
                <line num="16" count="0" type="stmt"/>
                <line num="17" count="0" type="stmt"/>
                <line num="18" count="0" type="stmt"/>
                <line num="19" count="0" type="stmt"/>
                <line num="20" count="0" type="stmt"/>
                <line num="21" count="0" type="stmt"/>
                <line num="22" count="0" type="stmt"/>
                <line num="23" count="0" type="stmt"/>
                <line num="24" count="0" type="stmt"/>
                <line num="25" count="0" type="stmt"/>
                <line num="26" count="0" type="stmt"/>
                <line num="27" count="0" type="stmt"/>
                <line num="28" count="0" type="stmt"/>
                <line num="29" count="0" type="stmt"/>
                <line num="30" count="0" type="stmt"/>
                <line num="31" count="0" type="stmt"/>
                <line num="32" count="0" type="stmt"/>
                <line num="33" count="0" type="stmt"/>
            </file>
        </package>
        <package name="src.ownReact.reconciliation">
            <metrics statements="339" coveredstatements="125" conditionals="1"
                     coveredconditionals="0" methods="14" coveredmethods="0"/>
            <file name="createInstance.ts"
                  path="/Users/artyomguryanov/Documents/GitHub/ownReactActual2/src/ownReact/reconciliation/createInstance.ts">
                <metrics statements="28" coveredstatements="15" conditionals="0"
                         coveredconditionals="0" methods="1"
                         coveredmethods="0"/>
                <line num="1" count="1" type="stmt"/>
                <line num="2" count="1" type="stmt"/>
                <line num="3" count="1" type="stmt"/>
                <line num="4" count="1" type="stmt"/>
                <line num="5" count="1" type="stmt"/>
                <line num="6" count="1" type="stmt"/>
                <line num="7" count="1" type="stmt"/>
                <line num="8" count="1" type="stmt"/>
                <line num="9" count="1" type="stmt"/>
                <line num="10" count="1" type="stmt"/>
                <line num="11" count="1" type="stmt"/>
                <line num="12" count="0" type="stmt"/>
                <line num="13" count="0" type="stmt"/>
                <line num="14" count="0" type="stmt"/>
                <line num="15" count="0" type="stmt"/>
                <line num="16" count="0" type="stmt"/>
                <line num="17" count="0" type="stmt"/>
                <line num="18" count="0" type="stmt"/>
                <line num="19" count="0" type="stmt"/>
                <line num="20" count="0" type="stmt"/>
                <line num="21" count="0" type="stmt"/>
                <line num="22" count="0" type="stmt"/>
                <line num="23" count="0" type="stmt"/>
                <line num="24" count="0" type="stmt"/>
                <line num="25" count="1" type="stmt"/>
                <line num="26" count="1" type="stmt"/>
                <line num="27" count="1" type="stmt"/>
                <line num="28" count="1" type="stmt"/>
            </file>
            <file name="createPublicInstance.ts"
                  path="/Users/artyomguryanov/Documents/GitHub/ownReactActual2/src/ownReact/reconciliation/createPublicInstance.ts">
                <metrics statements="16" coveredstatements="9" conditionals="0"
                         coveredconditionals="0" methods="1"
                         coveredmethods="0"/>
                <line num="1" count="1" type="stmt"/>
                <line num="2" count="1" type="stmt"/>
                <line num="3" count="1" type="stmt"/>
                <line num="4" count="1" type="stmt"/>
                <line num="5" count="1" type="stmt"/>
                <line num="6" count="1" type="stmt"/>
                <line num="7" count="1" type="stmt"/>
                <line num="8" count="1" type="stmt"/>
                <line num="9" count="1" type="stmt"/>
                <line num="10" count="0" type="stmt"/>
                <line num="11" count="0" type="stmt"/>
                <line num="12" count="0" type="stmt"/>
                <line num="13" count="0" type="stmt"/>
                <line num="14" count="0" type="stmt"/>
                <line num="15" count="0" type="stmt"/>
                <line num="16" count="0" type="stmt"/>
            </file>
            <file name="instantiate.ts"
                  path="/Users/artyomguryanov/Documents/GitHub/ownReactActual2/src/ownReact/reconciliation/instantiate.ts">
                <metrics statements="78" coveredstatements="16" conditionals="0"
                         coveredconditionals="0" methods="4"
                         coveredmethods="0"/>
                <line num="1" count="1" type="stmt"/>
                <line num="2" count="1" type="stmt"/>
                <line num="3" count="1" type="stmt"/>
                <line num="4" count="1" type="stmt"/>
                <line num="5" count="1" type="stmt"/>
                <line num="6" count="1" type="stmt"/>
                <line num="7" count="1" type="stmt"/>
                <line num="8" count="0" type="stmt"/>
                <line num="9" count="0" type="stmt"/>
                <line num="10" count="0" type="stmt"/>
                <line num="11" count="0" type="stmt"/>
                <line num="12" count="0" type="stmt"/>
                <line num="13" count="0" type="stmt"/>
                <line num="14" count="0" type="stmt"/>
                <line num="15" count="0" type="stmt"/>
                <line num="16" count="0" type="stmt"/>
                <line num="17" count="0" type="stmt"/>
                <line num="18" count="0" type="stmt"/>
                <line num="19" count="0" type="stmt"/>
                <line num="20" count="0" type="stmt"/>
                <line num="21" count="0" type="stmt"/>
                <line num="22" count="0" type="stmt"/>
                <line num="23" count="0" type="stmt"/>
                <line num="24" count="0" type="stmt"/>
                <line num="25" count="0" type="stmt"/>
                <line num="26" count="0" type="stmt"/>
                <line num="27" count="0" type="stmt"/>
                <line num="28" count="0" type="stmt"/>
                <line num="29" count="0" type="stmt"/>
                <line num="30" count="0" type="stmt"/>
                <line num="31" count="0" type="stmt"/>
                <line num="32" count="0" type="stmt"/>
                <line num="33" count="0" type="stmt"/>
                <line num="34" count="1" type="stmt"/>
                <line num="35" count="1" type="stmt"/>
                <line num="36" count="1" type="stmt"/>
                <line num="37" count="0" type="stmt"/>
                <line num="38" count="0" type="stmt"/>
                <line num="39" count="0" type="stmt"/>
                <line num="40" count="0" type="stmt"/>
                <line num="41" count="0" type="stmt"/>
                <line num="42" count="0" type="stmt"/>
                <line num="43" count="0" type="stmt"/>
                <line num="44" count="0" type="stmt"/>
                <line num="45" count="0" type="stmt"/>
                <line num="46" count="0" type="stmt"/>
                <line num="47" count="0" type="stmt"/>
                <line num="48" count="0" type="stmt"/>
                <line num="49" count="0" type="stmt"/>
                <line num="50" count="0" type="stmt"/>
                <line num="51" count="0" type="stmt"/>
                <line num="52" count="0" type="stmt"/>
                <line num="53" count="0" type="stmt"/>
                <line num="54" count="0" type="stmt"/>
                <line num="55" count="0" type="stmt"/>
                <line num="56" count="1" type="stmt"/>
                <line num="57" count="1" type="stmt"/>
                <line num="58" count="1" type="stmt"/>
                <line num="59" count="0" type="stmt"/>
                <line num="60" count="0" type="stmt"/>
                <line num="61" count="0" type="stmt"/>
                <line num="62" count="0" type="stmt"/>
                <line num="63" count="0" type="stmt"/>
                <line num="64" count="0" type="stmt"/>
                <line num="65" count="0" type="stmt"/>
                <line num="66" count="0" type="stmt"/>
                <line num="67" count="0" type="stmt"/>
                <line num="68" count="1" type="stmt"/>
                <line num="69" count="1" type="stmt"/>
                <line num="70" count="1" type="stmt"/>
                <line num="71" count="0" type="stmt"/>
                <line num="72" count="0" type="stmt"/>
                <line num="73" count="0" type="stmt"/>
                <line num="74" count="0" type="stmt"/>
                <line num="75" count="0" type="stmt"/>
                <line num="76" count="0" type="stmt"/>
                <line num="77" count="0" type="stmt"/>
                <line num="78" count="0" type="stmt"/>
            </file>
            <file name="reconcile.ts"
                  path="/Users/artyomguryanov/Documents/GitHub/ownReactActual2/src/ownReact/reconciliation/reconcile.ts">
                <metrics statements="80" coveredstatements="33" conditionals="0"
                         coveredconditionals="0" methods="1"
                         coveredmethods="0"/>
                <line num="1" count="1" type="stmt"/>
                <line num="2" count="1" type="stmt"/>
                <line num="3" count="1" type="stmt"/>
                <line num="4" count="1" type="stmt"/>
                <line num="5" count="1" type="stmt"/>
                <line num="6" count="1" type="stmt"/>
                <line num="7" count="1" type="stmt"/>
                <line num="8" count="1" type="stmt"/>
                <line num="9" count="1" type="stmt"/>
                <line num="10" count="1" type="stmt"/>
                <line num="11" count="1" type="stmt"/>
                <line num="12" count="1" type="stmt"/>
                <line num="13" count="1" type="stmt"/>
                <line num="14" count="1" type="stmt"/>
                <line num="15" count="1" type="stmt"/>
                <line num="16" count="1" type="stmt"/>
                <line num="17" count="1" type="stmt"/>
                <line num="18" count="1" type="stmt"/>
                <line num="19" count="1" type="stmt"/>
                <line num="20" count="1" type="stmt"/>
                <line num="21" count="1" type="stmt"/>
                <line num="22" count="1" type="stmt"/>
                <line num="23" count="1" type="stmt"/>
                <line num="24" count="1" type="stmt"/>
                <line num="25" count="1" type="stmt"/>
                <line num="26" count="1" type="stmt"/>
                <line num="27" count="1" type="stmt"/>
                <line num="28" count="1" type="stmt"/>
                <line num="29" count="1" type="stmt"/>
                <line num="30" count="1" type="stmt"/>
                <line num="31" count="1" type="stmt"/>
                <line num="32" count="1" type="stmt"/>
                <line num="33" count="1" type="stmt"/>
                <line num="34" count="0" type="stmt"/>
                <line num="35" count="0" type="stmt"/>
                <line num="36" count="0" type="stmt"/>
                <line num="37" count="0" type="stmt"/>
                <line num="38" count="0" type="stmt"/>
                <line num="39" count="0" type="stmt"/>
                <line num="40" count="0" type="stmt"/>
                <line num="41" count="0" type="stmt"/>
                <line num="42" count="0" type="stmt"/>
                <line num="43" count="0" type="stmt"/>
                <line num="44" count="0" type="stmt"/>
                <line num="45" count="0" type="stmt"/>
                <line num="46" count="0" type="stmt"/>
                <line num="47" count="0" type="stmt"/>
                <line num="48" count="0" type="stmt"/>
                <line num="49" count="0" type="stmt"/>
                <line num="50" count="0" type="stmt"/>
                <line num="51" count="0" type="stmt"/>
                <line num="52" count="0" type="stmt"/>
                <line num="53" count="0" type="stmt"/>
                <line num="54" count="0" type="stmt"/>
                <line num="55" count="0" type="stmt"/>
                <line num="56" count="0" type="stmt"/>
                <line num="57" count="0" type="stmt"/>
                <line num="58" count="0" type="stmt"/>
                <line num="59" count="0" type="stmt"/>
                <line num="60" count="0" type="stmt"/>
                <line num="61" count="0" type="stmt"/>
                <line num="62" count="0" type="stmt"/>
                <line num="63" count="0" type="stmt"/>
                <line num="64" count="0" type="stmt"/>
                <line num="65" count="0" type="stmt"/>
                <line num="66" count="0" type="stmt"/>
                <line num="67" count="0" type="stmt"/>
                <line num="68" count="0" type="stmt"/>
                <line num="69" count="0" type="stmt"/>
                <line num="70" count="0" type="stmt"/>
                <line num="71" count="0" type="stmt"/>
                <line num="72" count="0" type="stmt"/>
                <line num="73" count="0" type="stmt"/>
                <line num="74" count="0" type="stmt"/>
                <line num="75" count="0" type="stmt"/>
                <line num="76" count="0" type="stmt"/>
                <line num="77" count="0" type="stmt"/>
                <line num="78" count="0" type="stmt"/>
                <line num="79" count="0" type="stmt"/>
                <line num="80" count="0" type="stmt"/>
            </file>
            <file name="reconcileChildren.ts"
                  path="/Users/artyomguryanov/Documents/GitHub/ownReactActual2/src/ownReact/reconciliation/reconcileChildren.ts">
                <metrics statements="23" coveredstatements="9" conditionals="0"
                         coveredconditionals="0" methods="1"
                         coveredmethods="0"/>
                <line num="1" count="1" type="stmt"/>
                <line num="2" count="1" type="stmt"/>
                <line num="3" count="1" type="stmt"/>
                <line num="4" count="1" type="stmt"/>
                <line num="5" count="1" type="stmt"/>
                <line num="6" count="1" type="stmt"/>
                <line num="7" count="1" type="stmt"/>
                <line num="8" count="1" type="stmt"/>
                <line num="9" count="1" type="stmt"/>
                <line num="10" count="0" type="stmt"/>
                <line num="11" count="0" type="stmt"/>
                <line num="12" count="0" type="stmt"/>
                <line num="13" count="0" type="stmt"/>
                <line num="14" count="0" type="stmt"/>
                <line num="15" count="0" type="stmt"/>
                <line num="16" count="0" type="stmt"/>
                <line num="17" count="0" type="stmt"/>
                <line num="18" count="0" type="stmt"/>
                <line num="19" count="0" type="stmt"/>
                <line num="20" count="0" type="stmt"/>
                <line num="21" count="0" type="stmt"/>
                <line num="22" count="0" type="stmt"/>
                <line num="23" count="0" type="stmt"/>
            </file>
            <file name="removeInstance.ts"
                  path="/Users/artyomguryanov/Documents/GitHub/ownReactActual2/src/ownReact/reconciliation/removeInstance.ts">
                <metrics statements="21" coveredstatements="14" conditionals="0"
                         coveredconditionals="0" methods="1"
                         coveredmethods="0"/>
                <line num="1" count="1" type="stmt"/>
                <line num="2" count="1" type="stmt"/>
                <line num="3" count="1" type="stmt"/>
                <line num="4" count="1" type="stmt"/>
                <line num="5" count="1" type="stmt"/>
                <line num="6" count="1" type="stmt"/>
                <line num="7" count="1" type="stmt"/>
                <line num="8" count="1" type="stmt"/>
                <line num="9" count="1" type="stmt"/>
                <line num="10" count="1" type="stmt"/>
                <line num="11" count="0" type="stmt"/>
                <line num="12" count="0" type="stmt"/>
                <line num="13" count="0" type="stmt"/>
                <line num="14" count="0" type="stmt"/>
                <line num="15" count="0" type="stmt"/>
                <line num="16" count="0" type="stmt"/>
                <line num="17" count="0" type="stmt"/>
                <line num="18" count="1" type="stmt"/>
                <line num="19" count="1" type="stmt"/>
                <line num="20" count="1" type="stmt"/>
                <line num="21" count="1" type="stmt"/>
            </file>
            <file name="replaceInstance.ts"
                  path="/Users/artyomguryanov/Documents/GitHub/ownReactActual2/src/ownReact/reconciliation/replaceInstance.ts">
                <metrics statements="11" coveredstatements="8" conditionals="0"
                         coveredconditionals="0" methods="1"
                         coveredmethods="0"/>
                <line num="1" count="1" type="stmt"/>
                <line num="2" count="1" type="stmt"/>
                <line num="3" count="1" type="stmt"/>
                <line num="4" count="1" type="stmt"/>
                <line num="5" count="0" type="stmt"/>
                <line num="6" count="0" type="stmt"/>
                <line num="7" count="0" type="stmt"/>
                <line num="8" count="1" type="stmt"/>
                <line num="9" count="1" type="stmt"/>
                <line num="10" count="1" type="stmt"/>
                <line num="11" count="1" type="stmt"/>
            </file>
            <file name="updateDomProperties.ts"
                  path="/Users/artyomguryanov/Documents/GitHub/ownReactActual2/src/ownReact/reconciliation/updateDomProperties.ts">
                <metrics statements="43" coveredstatements="1" conditionals="0"
                         coveredconditionals="0" methods="1"
                         coveredmethods="0"/>
                <line num="1" count="1" type="stmt"/>
                <line num="2" count="0" type="stmt"/>
                <line num="3" count="0" type="stmt"/>
                <line num="4" count="0" type="stmt"/>
                <line num="5" count="0" type="stmt"/>
                <line num="6" count="0" type="stmt"/>
                <line num="7" count="0" type="stmt"/>
                <line num="8" count="0" type="stmt"/>
                <line num="9" count="0" type="stmt"/>
                <line num="10" count="0" type="stmt"/>
                <line num="11" count="0" type="stmt"/>
                <line num="12" count="0" type="stmt"/>
                <line num="13" count="0" type="stmt"/>
                <line num="14" count="0" type="stmt"/>
                <line num="15" count="0" type="stmt"/>
                <line num="16" count="0" type="stmt"/>
                <line num="17" count="0" type="stmt"/>
                <line num="18" count="0" type="stmt"/>
                <line num="19" count="0" type="stmt"/>
                <line num="20" count="0" type="stmt"/>
                <line num="21" count="0" type="stmt"/>
                <line num="22" count="0" type="stmt"/>
                <line num="23" count="0" type="stmt"/>
                <line num="24" count="0" type="stmt"/>
                <line num="25" count="0" type="stmt"/>
                <line num="26" count="0" type="stmt"/>
                <line num="27" count="0" type="stmt"/>
                <line num="28" count="0" type="stmt"/>
                <line num="29" count="0" type="stmt"/>
                <line num="30" count="0" type="stmt"/>
                <line num="31" count="0" type="stmt"/>
                <line num="32" count="0" type="stmt"/>
                <line num="33" count="0" type="stmt"/>
                <line num="34" count="0" type="stmt"/>
                <line num="35" count="0" type="stmt"/>
                <line num="36" count="0" type="stmt"/>
                <line num="37" count="0" type="stmt"/>
                <line num="38" count="0" type="stmt"/>
                <line num="39" count="0" type="stmt"/>
                <line num="40" count="0" type="stmt"/>
                <line num="41" count="0" type="stmt"/>
                <line num="42" count="0" type="stmt"/>
                <line num="43" count="0" type="stmt"/>
            </file>
            <file name="updateInstance.ts"
                  path="/Users/artyomguryanov/Documents/GitHub/ownReactActual2/src/ownReact/reconciliation/updateInstance.ts">
                <metrics statements="20" coveredstatements="15" conditionals="0"
                         coveredconditionals="0" methods="1"
                         coveredmethods="0"/>
                <line num="1" count="1" type="stmt"/>
                <line num="2" count="1" type="stmt"/>
                <line num="3" count="1" type="stmt"/>
                <line num="4" count="1" type="stmt"/>
                <line num="5" count="1" type="stmt"/>
                <line num="6" count="1" type="stmt"/>
                <line num="7" count="1" type="stmt"/>
                <line num="8" count="1" type="stmt"/>
                <line num="9" count="1" type="stmt"/>
                <line num="10" count="1" type="stmt"/>
                <line num="11" count="1" type="stmt"/>
                <line num="12" count="0" type="stmt"/>
                <line num="13" count="0" type="stmt"/>
                <line num="14" count="0" type="stmt"/>
                <line num="15" count="0" type="stmt"/>
                <line num="16" count="0" type="stmt"/>
                <line num="17" count="1" type="stmt"/>
                <line num="18" count="1" type="stmt"/>
                <line num="19" count="1" type="stmt"/>
                <line num="20" count="1" type="stmt"/>
            </file>
            <file name="updateInternalInstance.ts"
                  path="/Users/artyomguryanov/Documents/GitHub/ownReactActual2/src/ownReact/reconciliation/updateInternalInstance.ts">
                <metrics statements="1" coveredstatements="0" conditionals="1"
                         coveredconditionals="0" methods="1"
                         coveredmethods="0"/>
                <line num="1" count="0" type="cond" truecount="0"
                      falsecount="1"/>
            </file>
            <file name="updateTextInstance.ts"
                  path="/Users/artyomguryanov/Documents/GitHub/ownReactActual2/src/ownReact/reconciliation/updateTextInstance.ts">
                <metrics statements="18" coveredstatements="5" conditionals="0"
                         coveredconditionals="0" methods="1"
                         coveredmethods="0"/>
                <line num="1" count="1" type="stmt"/>
                <line num="2" count="1" type="stmt"/>
                <line num="3" count="1" type="stmt"/>
                <line num="4" count="0" type="stmt"/>
                <line num="5" count="0" type="stmt"/>
                <line num="6" count="1" type="stmt"/>
                <line num="7" count="1" type="stmt"/>
                <line num="8" count="0" type="stmt"/>
                <line num="9" count="0" type="stmt"/>
                <line num="10" count="0" type="stmt"/>
                <line num="11" count="0" type="stmt"/>
                <line num="12" count="0" type="stmt"/>
                <line num="13" count="0" type="stmt"/>
                <line num="14" count="0" type="stmt"/>
                <line num="15" count="0" type="stmt"/>
                <line num="16" count="0" type="stmt"/>
                <line num="17" count="0" type="stmt"/>
                <line num="18" count="0" type="stmt"/>
            </file>
        </package>
        <package name="src.ownReact.reconciliation.updateComponentInstance">
            <metrics statements="62" coveredstatements="42" conditionals="0"
                     coveredconditionals="0" methods="3" coveredmethods="0"/>
            <file name="applyNewComponentInstanceData.ts"
                  path="/Users/artyomguryanov/Documents/GitHub/ownReactActual2/src/ownReact/reconciliation/updateComponentInstance/applyNewComponentInstanceData.ts">
                <metrics statements="15" coveredstatements="10" conditionals="0"
                         coveredconditionals="0" methods="1"
                         coveredmethods="0"/>
                <line num="1" count="1" type="stmt"/>
                <line num="2" count="1" type="stmt"/>
                <line num="3" count="1" type="stmt"/>
                <line num="4" count="1" type="stmt"/>
                <line num="5" count="1" type="stmt"/>
                <line num="6" count="1" type="stmt"/>
                <line num="7" count="1" type="stmt"/>
                <line num="8" count="1" type="stmt"/>
                <line num="9" count="1" type="stmt"/>
                <line num="10" count="1" type="stmt"/>
                <line num="11" count="0" type="stmt"/>
                <line num="12" count="0" type="stmt"/>
                <line num="13" count="0" type="stmt"/>
                <line num="14" count="0" type="stmt"/>
                <line num="15" count="0" type="stmt"/>
            </file>
            <file name="prepareDataForReconciliation.ts"
                  path="/Users/artyomguryanov/Documents/GitHub/ownReactActual2/src/ownReact/reconciliation/updateComponentInstance/prepareDataForReconciliation.ts">
                <metrics statements="20" coveredstatements="13" conditionals="0"
                         coveredconditionals="0" methods="1"
                         coveredmethods="0"/>
                <line num="1" count="1" type="stmt"/>
                <line num="2" count="1" type="stmt"/>
                <line num="3" count="1" type="stmt"/>
                <line num="4" count="1" type="stmt"/>
                <line num="5" count="1" type="stmt"/>
                <line num="6" count="1" type="stmt"/>
                <line num="7" count="1" type="stmt"/>
                <line num="8" count="1" type="stmt"/>
                <line num="9" count="1" type="stmt"/>
                <line num="10" count="1" type="stmt"/>
                <line num="11" count="1" type="stmt"/>
                <line num="12" count="1" type="stmt"/>
                <line num="13" count="1" type="stmt"/>
                <line num="14" count="0" type="stmt"/>
                <line num="15" count="0" type="stmt"/>
                <line num="16" count="0" type="stmt"/>
                <line num="17" count="0" type="stmt"/>
                <line num="18" count="0" type="stmt"/>
                <line num="19" count="0" type="stmt"/>
                <line num="20" count="0" type="stmt"/>
            </file>
            <file name="updateComponentInstance.ts"
                  path="/Users/artyomguryanov/Documents/GitHub/ownReactActual2/src/ownReact/reconciliation/updateComponentInstance/updateComponentInstance.ts">
                <metrics statements="27" coveredstatements="19" conditionals="0"
                         coveredconditionals="0" methods="1"
                         coveredmethods="0"/>
                <line num="1" count="1" type="stmt"/>
                <line num="2" count="1" type="stmt"/>
                <line num="3" count="1" type="stmt"/>
                <line num="4" count="1" type="stmt"/>
                <line num="5" count="1" type="stmt"/>
                <line num="6" count="1" type="stmt"/>
                <line num="7" count="1" type="stmt"/>
                <line num="8" count="1" type="stmt"/>
                <line num="9" count="1" type="stmt"/>
                <line num="10" count="1" type="stmt"/>
                <line num="11" count="1" type="stmt"/>
                <line num="12" count="1" type="stmt"/>
                <line num="13" count="1" type="stmt"/>
                <line num="14" count="0" type="stmt"/>
                <line num="15" count="0" type="stmt"/>
                <line num="16" count="0" type="stmt"/>
                <line num="17" count="0" type="stmt"/>
                <line num="18" count="0" type="stmt"/>
                <line num="19" count="0" type="stmt"/>
                <line num="20" count="0" type="stmt"/>
                <line num="21" count="0" type="stmt"/>
                <line num="22" count="1" type="stmt"/>
                <line num="23" count="1" type="stmt"/>
                <line num="24" count="1" type="stmt"/>
                <line num="25" count="1" type="stmt"/>
                <line num="26" count="1" type="stmt"/>
                <line num="27" count="1" type="stmt"/>
            </file>
        </package>
        <package name="src.ownReact.types">
            <metrics statements="77" coveredstatements="10" conditionals="1"
                     coveredconditionals="0" methods="5" coveredmethods="0"/>
            <file name="is.ts"
                  path="/Users/artyomguryanov/Documents/GitHub/ownReactActual2/src/ownReact/types/is.ts">
                <metrics statements="22" coveredstatements="10" conditionals="0"
                         coveredconditionals="0" methods="4"
                         coveredmethods="0"/>
                <line num="1" count="1" type="stmt"/>
                <line num="2" count="1" type="stmt"/>
                <line num="3" count="1" type="stmt"/>
                <line num="4" count="1" type="stmt"/>
                <line num="5" count="0" type="stmt"/>
                <line num="6" count="0" type="stmt"/>
                <line num="7" count="1" type="stmt"/>
                <line num="8" count="1" type="stmt"/>
                <line num="9" count="0" type="stmt"/>
                <line num="10" count="0" type="stmt"/>
                <line num="11" count="0" type="stmt"/>
                <line num="12" count="0" type="stmt"/>
                <line num="13" count="0" type="stmt"/>
                <line num="14" count="1" type="stmt"/>
                <line num="15" count="1" type="stmt"/>
                <line num="16" count="0" type="stmt"/>
                <line num="17" count="0" type="stmt"/>
                <line num="18" count="0" type="stmt"/>
                <line num="19" count="1" type="stmt"/>
                <line num="20" count="1" type="stmt"/>
                <line num="21" count="0" type="stmt"/>
                <line num="22" count="0" type="stmt"/>
            </file>
            <file name="types.ts"
                  path="/Users/artyomguryanov/Documents/GitHub/ownReactActual2/src/ownReact/types/types.ts">
                <metrics statements="55" coveredstatements="0" conditionals="1"
                         coveredconditionals="0" methods="1"
                         coveredmethods="0"/>
                <line num="1" count="0" type="cond" truecount="0"
                      falsecount="1"/>
                <line num="2" count="0" type="stmt"/>
                <line num="3" count="0" type="stmt"/>
                <line num="4" count="0" type="stmt"/>
                <line num="5" count="0" type="stmt"/>
                <line num="6" count="0" type="stmt"/>
                <line num="7" count="0" type="stmt"/>
                <line num="8" count="0" type="stmt"/>
                <line num="9" count="0" type="stmt"/>
                <line num="10" count="0" type="stmt"/>
                <line num="11" count="0" type="stmt"/>
                <line num="12" count="0" type="stmt"/>
                <line num="13" count="0" type="stmt"/>
                <line num="14" count="0" type="stmt"/>
                <line num="15" count="0" type="stmt"/>
                <line num="16" count="0" type="stmt"/>
                <line num="17" count="0" type="stmt"/>
                <line num="18" count="0" type="stmt"/>
                <line num="19" count="0" type="stmt"/>
                <line num="20" count="0" type="stmt"/>
                <line num="21" count="0" type="stmt"/>
                <line num="22" count="0" type="stmt"/>
                <line num="23" count="0" type="stmt"/>
                <line num="24" count="0" type="stmt"/>
                <line num="25" count="0" type="stmt"/>
                <line num="26" count="0" type="stmt"/>
                <line num="27" count="0" type="stmt"/>
                <line num="28" count="0" type="stmt"/>
                <line num="29" count="0" type="stmt"/>
                <line num="30" count="0" type="stmt"/>
                <line num="31" count="0" type="stmt"/>
                <line num="32" count="0" type="stmt"/>
                <line num="33" count="0" type="stmt"/>
                <line num="34" count="0" type="stmt"/>
                <line num="35" count="0" type="stmt"/>
                <line num="36" count="0" type="stmt"/>
                <line num="37" count="0" type="stmt"/>
                <line num="38" count="0" type="stmt"/>
                <line num="39" count="0" type="stmt"/>
                <line num="40" count="0" type="stmt"/>
                <line num="41" count="0" type="stmt"/>
                <line num="42" count="0" type="stmt"/>
                <line num="43" count="0" type="stmt"/>
                <line num="44" count="0" type="stmt"/>
                <line num="45" count="0" type="stmt"/>
                <line num="46" count="0" type="stmt"/>
                <line num="47" count="0" type="stmt"/>
                <line num="48" count="0" type="stmt"/>
                <line num="49" count="0" type="stmt"/>
                <line num="50" count="0" type="stmt"/>
                <line num="51" count="0" type="stmt"/>
                <line num="52" count="0" type="stmt"/>
                <line num="53" count="0" type="stmt"/>
                <line num="54" count="0" type="stmt"/>
                <line num="55" count="0" type="stmt"/>
            </file>
        </package>
        <package name="src.ownReact.utils">
            <metrics statements="164" coveredstatements="0" conditionals="2"
                     coveredconditionals="0" methods="2" coveredmethods="0"/>
            <file name="withPerformance.ts"
                  path="/Users/artyomguryanov/Documents/GitHub/ownReactActual2/src/ownReact/utils/withPerformance.ts">
                <metrics statements="139" coveredstatements="0" conditionals="1"
                         coveredconditionals="0" methods="1"
                         coveredmethods="0"/>
                <line num="1" count="0" type="cond" truecount="0"
                      falsecount="1"/>
                <line num="2" count="0" type="stmt"/>
                <line num="3" count="0" type="stmt"/>
                <line num="4" count="0" type="stmt"/>
                <line num="5" count="0" type="stmt"/>
                <line num="6" count="0" type="stmt"/>
                <line num="7" count="0" type="stmt"/>
                <line num="8" count="0" type="stmt"/>
                <line num="9" count="0" type="stmt"/>
                <line num="10" count="0" type="stmt"/>
                <line num="11" count="0" type="stmt"/>
                <line num="12" count="0" type="stmt"/>
                <line num="13" count="0" type="stmt"/>
                <line num="14" count="0" type="stmt"/>
                <line num="15" count="0" type="stmt"/>
                <line num="16" count="0" type="stmt"/>
                <line num="17" count="0" type="stmt"/>
                <line num="18" count="0" type="stmt"/>
                <line num="19" count="0" type="stmt"/>
                <line num="20" count="0" type="stmt"/>
                <line num="21" count="0" type="stmt"/>
                <line num="22" count="0" type="stmt"/>
                <line num="23" count="0" type="stmt"/>
                <line num="24" count="0" type="stmt"/>
                <line num="25" count="0" type="stmt"/>
                <line num="26" count="0" type="stmt"/>
                <line num="27" count="0" type="stmt"/>
                <line num="28" count="0" type="stmt"/>
                <line num="29" count="0" type="stmt"/>
                <line num="30" count="0" type="stmt"/>
                <line num="31" count="0" type="stmt"/>
                <line num="32" count="0" type="stmt"/>
                <line num="33" count="0" type="stmt"/>
                <line num="34" count="0" type="stmt"/>
                <line num="35" count="0" type="stmt"/>
                <line num="36" count="0" type="stmt"/>
                <line num="37" count="0" type="stmt"/>
                <line num="38" count="0" type="stmt"/>
                <line num="39" count="0" type="stmt"/>
                <line num="40" count="0" type="stmt"/>
                <line num="41" count="0" type="stmt"/>
                <line num="42" count="0" type="stmt"/>
                <line num="43" count="0" type="stmt"/>
                <line num="44" count="0" type="stmt"/>
                <line num="45" count="0" type="stmt"/>
                <line num="46" count="0" type="stmt"/>
                <line num="47" count="0" type="stmt"/>
                <line num="48" count="0" type="stmt"/>
                <line num="49" count="0" type="stmt"/>
                <line num="50" count="0" type="stmt"/>
                <line num="51" count="0" type="stmt"/>
                <line num="52" count="0" type="stmt"/>
                <line num="53" count="0" type="stmt"/>
                <line num="54" count="0" type="stmt"/>
                <line num="55" count="0" type="stmt"/>
                <line num="56" count="0" type="stmt"/>
                <line num="57" count="0" type="stmt"/>
                <line num="58" count="0" type="stmt"/>
                <line num="59" count="0" type="stmt"/>
                <line num="60" count="0" type="stmt"/>
                <line num="61" count="0" type="stmt"/>
                <line num="62" count="0" type="stmt"/>
                <line num="63" count="0" type="stmt"/>
                <line num="64" count="0" type="stmt"/>
                <line num="65" count="0" type="stmt"/>
                <line num="66" count="0" type="stmt"/>
                <line num="67" count="0" type="stmt"/>
                <line num="68" count="0" type="stmt"/>
                <line num="69" count="0" type="stmt"/>
                <line num="70" count="0" type="stmt"/>
                <line num="71" count="0" type="stmt"/>
                <line num="72" count="0" type="stmt"/>
                <line num="73" count="0" type="stmt"/>
                <line num="74" count="0" type="stmt"/>
                <line num="75" count="0" type="stmt"/>
                <line num="76" count="0" type="stmt"/>
                <line num="77" count="0" type="stmt"/>
                <line num="78" count="0" type="stmt"/>
                <line num="79" count="0" type="stmt"/>
                <line num="80" count="0" type="stmt"/>
                <line num="81" count="0" type="stmt"/>
                <line num="82" count="0" type="stmt"/>
                <line num="83" count="0" type="stmt"/>
                <line num="84" count="0" type="stmt"/>
                <line num="85" count="0" type="stmt"/>
                <line num="86" count="0" type="stmt"/>
                <line num="87" count="0" type="stmt"/>
                <line num="88" count="0" type="stmt"/>
                <line num="89" count="0" type="stmt"/>
                <line num="90" count="0" type="stmt"/>
                <line num="91" count="0" type="stmt"/>
                <line num="92" count="0" type="stmt"/>
                <line num="93" count="0" type="stmt"/>
                <line num="94" count="0" type="stmt"/>
                <line num="95" count="0" type="stmt"/>
                <line num="96" count="0" type="stmt"/>
                <line num="97" count="0" type="stmt"/>
                <line num="98" count="0" type="stmt"/>
                <line num="99" count="0" type="stmt"/>
                <line num="100" count="0" type="stmt"/>
                <line num="101" count="0" type="stmt"/>
                <line num="102" count="0" type="stmt"/>
                <line num="103" count="0" type="stmt"/>
                <line num="104" count="0" type="stmt"/>
                <line num="105" count="0" type="stmt"/>
                <line num="106" count="0" type="stmt"/>
                <line num="107" count="0" type="stmt"/>
                <line num="108" count="0" type="stmt"/>
                <line num="109" count="0" type="stmt"/>
                <line num="110" count="0" type="stmt"/>
                <line num="111" count="0" type="stmt"/>
                <line num="112" count="0" type="stmt"/>
                <line num="113" count="0" type="stmt"/>
                <line num="114" count="0" type="stmt"/>
                <line num="115" count="0" type="stmt"/>
                <line num="116" count="0" type="stmt"/>
                <line num="117" count="0" type="stmt"/>
                <line num="118" count="0" type="stmt"/>
                <line num="119" count="0" type="stmt"/>
                <line num="120" count="0" type="stmt"/>
                <line num="121" count="0" type="stmt"/>
                <line num="122" count="0" type="stmt"/>
                <line num="123" count="0" type="stmt"/>
                <line num="124" count="0" type="stmt"/>
                <line num="125" count="0" type="stmt"/>
                <line num="126" count="0" type="stmt"/>
                <line num="127" count="0" type="stmt"/>
                <line num="128" count="0" type="stmt"/>
                <line num="129" count="0" type="stmt"/>
                <line num="130" count="0" type="stmt"/>
                <line num="131" count="0" type="stmt"/>
                <line num="132" count="0" type="stmt"/>
                <line num="133" count="0" type="stmt"/>
                <line num="134" count="0" type="stmt"/>
                <line num="135" count="0" type="stmt"/>
                <line num="136" count="0" type="stmt"/>
                <line num="137" count="0" type="stmt"/>
                <line num="138" count="0" type="stmt"/>
                <line num="139" count="0" type="stmt"/>
            </file>
            <file name="withPerformanceHoc.ts"
                  path="/Users/artyomguryanov/Documents/GitHub/ownReactActual2/src/ownReact/utils/withPerformanceHoc.ts">
                <metrics statements="25" coveredstatements="0" conditionals="1"
                         coveredconditionals="0" methods="1"
                         coveredmethods="0"/>
                <line num="1" count="0" type="cond" truecount="0"
                      falsecount="1"/>
                <line num="2" count="0" type="stmt"/>
                <line num="3" count="0" type="stmt"/>
                <line num="4" count="0" type="stmt"/>
                <line num="5" count="0" type="stmt"/>
                <line num="6" count="0" type="stmt"/>
                <line num="7" count="0" type="stmt"/>
                <line num="8" count="0" type="stmt"/>
                <line num="9" count="0" type="stmt"/>
                <line num="10" count="0" type="stmt"/>
                <line num="11" count="0" type="stmt"/>
                <line num="12" count="0" type="stmt"/>
                <line num="13" count="0" type="stmt"/>
                <line num="14" count="0" type="stmt"/>
                <line num="15" count="0" type="stmt"/>
                <line num="16" count="0" type="stmt"/>
                <line num="17" count="0" type="stmt"/>
                <line num="18" count="0" type="stmt"/>
                <line num="19" count="0" type="stmt"/>
                <line num="20" count="0" type="stmt"/>
                <line num="21" count="0" type="stmt"/>
                <line num="22" count="0" type="stmt"/>
                <line num="23" count="0" type="stmt"/>
                <line num="24" count="0" type="stmt"/>
                <line num="25" count="0" type="stmt"/>
            </file>
        </package>
        <package name="src.ownReact.utils.__mocks__">
            <metrics statements="4" coveredstatements="4" conditionals="0"
                     coveredconditionals="0" methods="0" coveredmethods="0"/>
            <file name="withPerformance.ts"
                  path="/Users/artyomguryanov/Documents/GitHub/ownReactActual2/src/ownReact/utils/__mocks__/withPerformance.ts">
                <metrics statements="4" coveredstatements="4" conditionals="0"
                         coveredconditionals="0" methods="0"
                         coveredmethods="0"/>
                <line num="1" count="1" type="stmt"/>
                <line num="2" count="1" type="stmt"/>
                <line num="3" count="1" type="stmt"/>
                <line num="4" count="1" type="stmt"/>
            </file>
        </package>
    </project>
</coverage>
